# JRE version: Java(TM) SE Runtime Environment (8.0_261-b12) (build 1.8.0_261-b12)
# Java VM: Java HotSpot(TM) 64-Bit Server VM (25.261-b12 mixed mode windows-amd64 compressed oops)
Heap:
 PSYoungGen      total 139776K, used 73730K [0x00000000eb200000, 0x00000000f3d80000, 0x0000000100000000)
  eden space 136704K, 53% used [0x00000000eb200000,0x00000000ef9e0998,0x00000000f3780000)
  from space 3072K, 4% used [0x00000000f3780000,0x00000000f37a0000,0x00000000f3a80000)
  to   space 3072K, 0% used [0x00000000f3a80000,0x00000000f3a80000,0x00000000f3d80000)
 ParOldGen       total 44032K, used 6734K [0x00000000c1600000, 0x00000000c4100000, 0x00000000eb200000)
  object space 44032K, 15% used [0x00000000c1600000,0x00000000c1c93ae8,0x00000000c4100000)
 Metaspace       used 14746K, capacity 15254K, committed 15488K, reserved 1062912K
  class space    used 1895K, capacity 2054K, committed 2176K, reserved 1048576K
GC Heap History (10 events):
Event: 10.679 GC heap before
{Heap before GC invocations=49 (full 0):
 PSYoungGen      total 139776K, used 136768K [0x00000000eb200000, 0x00000000f3d80000, 0x0000000100000000)
  eden space 136704K, 100% used [0x00000000eb200000,0x00000000f3780000,0x00000000f3780000)
  from space 3072K, 2% used [0x00000000f3a80000,0x00000000f3a90000,0x00000000f3d80000)
  to   space 3072K, 0% used [0x00000000f3780000,0x00000000f3780000,0x00000000f3a80000)
 ParOldGen       total 44032K, used 6409K [0x00000000c1600000, 0x00000000c4100000, 0x00000000eb200000)
  object space 44032K, 14% used [0x00000000c1600000,0x00000000c1c42408,0x00000000c4100000)
 Metaspace       used 14610K, capacity 15096K, committed 15488K, reserved 1062912K
  class space    used 1892K, capacity 2049K, committed 2176K, reserved 1048576K
Event: 10.681 GC heap after
Heap after GC invocations=49 (full 0):
 PSYoungGen      total 139776K, used 64K [0x00000000eb200000, 0x00000000f3d80000, 0x0000000100000000)
  eden space 136704K, 0% used [0x00000000eb200000,0x00000000eb200000,0x00000000f3780000)
  from space 3072K, 2% used [0x00000000f3780000,0x00000000f3790000,0x00000000f3a80000)
  to   space 3072K, 0% used [0x00000000f3a80000,0x00000000f3a80000,0x00000000f3d80000)
 ParOldGen       total 44032K, used 6417K [0x00000000c1600000, 0x00000000c4100000, 0x00000000eb200000)
  object space 44032K, 14% used [0x00000000c1600000,0x00000000c1c44408,0x00000000c4100000)
 Metaspace       used 14610K, capacity 15096K, committed 15488K, reserved 1062912K
  class space    used 1892K, capacity 2049K, committed 2176K, reserved 1048576K
}
Event: 10.772 GC heap before
{Heap before GC invocations=50 (full 0):
 PSYoungGen      total 139776K, used 136768K [0x00000000eb200000, 0x00000000f3d80000, 0x0000000100000000)
  eden space 136704K, 100% used [0x00000000eb200000,0x00000000f3780000,0x00000000f3780000)
  from space 3072K, 2% used [0x00000000f3780000,0x00000000f3790000,0x00000000f3a80000)
  to   space 3072K, 0% used [0x00000000f3a80000,0x00000000f3a80000,0x00000000f3d80000)
 ParOldGen       total 44032K, used 6417K [0x00000000c1600000, 0x00000000c4100000, 0x00000000eb200000)
  object space 44032K, 14% used [0x00000000c1600000,0x00000000c1c44408,0x00000000c4100000)
 Metaspace       used 14610K, capacity 15096K, committed 15488K, reserved 1062912K
  class space    used 1892K, capacity 2049K, committed 2176K, reserved 1048576K
Event: 10.774 GC heap after
Heap after GC invocations=50 (full 0):
 PSYoungGen      total 139776K, used 64K [0x00000000eb200000, 0x00000000f3d80000, 0x0000000100000000)
  eden space 136704K, 0% used [0x00000000eb200000,0x00000000eb200000,0x00000000f3780000)
  from space 3072K, 2% used [0x00000000f3a80000,0x00000000f3a90000,0x00000000f3d80000)
  to   space 3072K, 0% used [0x00000000f3780000,0x00000000f3780000,0x00000000f3a80000)
 ParOldGen       total 44032K, used 6417K [0x00000000c1600000, 0x00000000c4100000, 0x00000000eb200000)
  object space 44032K, 14% used [0x00000000c1600000,0x00000000c1c44408,0x00000000c4100000)
 Metaspace       used 14610K, capacity 15096K, committed 15488K, reserved 1062912K
  class space    used 1892K, capacity 2049K, committed 2176K, reserved 1048576K
}
Event: 10.854 GC heap before
{Heap before GC invocations=51 (full 0):
 PSYoungGen      total 139776K, used 136768K [0x00000000eb200000, 0x00000000f3d80000, 0x0000000100000000)
  eden space 136704K, 100% used [0x00000000eb200000,0x00000000f3780000,0x00000000f3780000)
  from space 3072K, 2% used [0x00000000f3a80000,0x00000000f3a90000,0x00000000f3d80000)
  to   space 3072K, 0% used [0x00000000f3780000,0x00000000f3780000,0x00000000f3a80000)
 ParOldGen       total 44032K, used 6417K [0x00000000c1600000, 0x00000000c4100000, 0x00000000eb200000)
  object space 44032K, 14% used [0x00000000c1600000,0x00000000c1c44408,0x00000000c4100000)
 Metaspace       used 14610K, capacity 15096K, committed 15488K, reserved 1062912K
  class space    used 1892K, capacity 2049K, committed 2176K, reserved 1048576K
Event: 10.856 GC heap after
Heap after GC invocations=51 (full 0):
 PSYoungGen      total 139776K, used 64K [0x00000000eb200000, 0x00000000f3d80000, 0x0000000100000000)
  eden space 136704K, 0% used [0x00000000eb200000,0x00000000eb200000,0x00000000f3780000)
  from space 3072K, 2% used [0x00000000f3780000,0x00000000f3790000,0x00000000f3a80000)
  to   space 3072K, 0% used [0x00000000f3a80000,0x00000000f3a80000,0x00000000f3d80000)
 ParOldGen       total 44032K, used 6417K [0x00000000c1600000, 0x00000000c4100000, 0x00000000eb200000)
  object space 44032K, 14% used [0x00000000c1600000,0x00000000c1c44408,0x00000000c4100000)
 Metaspace       used 14610K, capacity 15096K, committed 15488K, reserved 1062912K
  class space    used 1892K, capacity 2049K, committed 2176K, reserved 1048576K
}
Event: 11.369 GC heap before
{Heap before GC invocations=52 (full 0):
 PSYoungGen      total 139776K, used 136768K [0x00000000eb200000, 0x00000000f3d80000, 0x0000000100000000)
  eden space 136704K, 100% used [0x00000000eb200000,0x00000000f3780000,0x00000000f3780000)
  from space 3072K, 2% used [0x00000000f3780000,0x00000000f3790000,0x00000000f3a80000)
  to   space 3072K, 0% used [0x00000000f3a80000,0x00000000f3a80000,0x00000000f3d80000)
 ParOldGen       total 44032K, used 6418K [0x00000000c1600000, 0x00000000c4100000, 0x00000000eb200000)
  object space 44032K, 14% used [0x00000000c1600000,0x00000000c1c44ab0,0x00000000c4100000)
 Metaspace       used 14702K, capacity 15190K, committed 15488K, reserved 1062912K
  class space    used 1895K, capacity 2054K, committed 2176K, reserved 1048576K
Event: 11.372 GC heap after
Heap after GC invocations=52 (full 0):
 PSYoungGen      total 139776K, used 368K [0x00000000eb200000, 0x00000000f3d80000, 0x0000000100000000)
  eden space 136704K, 0% used [0x00000000eb200000,0x00000000eb200000,0x00000000f3780000)
  from space 3072K, 11% used [0x00000000f3a80000,0x00000000f3adc010,0x00000000f3d80000)
  to   space 3072K, 0% used [0x00000000f3780000,0x00000000f3780000,0x00000000f3a80000)
 ParOldGen       total 44032K, used 6426K [0x00000000c1600000, 0x00000000c4100000, 0x00000000eb200000)
  object space 44032K, 14% used [0x00000000c1600000,0x00000000c1c46ab0,0x00000000c4100000)
 Metaspace       used 14702K, capacity 15190K, committed 15488K, reserved 1062912K
  class space    used 1895K, capacity 2054K, committed 2176K, reserved 1048576K
}
Event: 11.634 GC heap before
{Heap before GC invocations=53 (full 0):
 PSYoungGen      total 139776K, used 137072K [0x00000000eb200000, 0x00000000f3d80000, 0x0000000100000000)
  eden space 136704K, 100% used [0x00000000eb200000,0x00000000f3780000,0x00000000f3780000)
  from space 3072K, 11% used [0x00000000f3a80000,0x00000000f3adc010,0x00000000f3d80000)
  to   space 3072K, 0% used [0x00000000f3780000,0x00000000f3780000,0x00000000f3a80000)
 ParOldGen       total 44032K, used 6430K [0x00000000c1600000, 0x00000000c4100000, 0x00000000eb200000)
  object space 44032K, 14% used [0x00000000c1600000,0x00000000c1c47978,0x00000000c4100000)
 Metaspace       used 14746K, capacity 15254K, committed 15488K, reserved 1062912K
  class space    used 1895K, capacity 2054K, committed 2176K, reserved 1048576K
Event: 11.636 GC heap after
Heap after GC invocations=53 (full 0):
 PSYoungGen      total 139776K, used 128K [0x00000000eb200000, 0x00000000f3d80000, 0x0000000100000000)
  eden space 136704K, 0% used [0x00000000eb200000,0x00000000eb200000,0x00000000f3780000)
  from space 3072K, 4% used [0x00000000f3780000,0x00000000f37a0000,0x00000000f3a80000)
  to   space 3072K, 0% used [0x00000000f3a80000,0x00000000f3a80000,0x00000000f3d80000)
 ParOldGen       total 44032K, used 6734K [0x00000000c1600000, 0x00000000c4100000, 0x00000000eb200000)
  object space 44032K, 15% used [0x00000000c1600000,0x00000000c1c93ae8,0x00000000c4100000)
 Metaspace       used 14746K, capacity 15254K, committed 15488K, reserved 1062912K
  class space    used 1895K, capacity 2054K, committed 2176K, reserved 1048576K
}

