# JRE version: Java(TM) SE Runtime Environment (8.0_261-b12) (build 1.8.0_261-b12)
# Java VM: Java HotSpot(TM) 64-Bit Server VM (25.261-b12 mixed mode windows-amd64 compressed oops)
Heap:
 PSYoungGen      total 139264K, used 135053K [0x00000000eb200000, 0x00000000f3c80000, 0x0000000100000000)
  eden space 136704K, 98% used [0x00000000eb200000,0x00000000f35cb7e8,0x00000000f3780000)
  from space 2560K, 3% used [0x00000000f3780000,0x00000000f3798000,0x00000000f3a00000)
  to   space 2560K, 0% used [0x00000000f3a00000,0x00000000f3a00000,0x00000000f3c80000)
 ParOldGen       total 44032K, used 6387K [0x00000000c1600000, 0x00000000c4100000, 0x00000000eb200000)
  object space 44032K, 14% used [0x00000000c1600000,0x00000000c1c3cf78,0x00000000c4100000)
 Metaspace       used 14758K, capacity 15256K, committed 15488K, reserved 1062912K
  class space    used 1930K, capacity 2095K, committed 2176K, reserved 1048576K
GC Heap History (10 events):
Event: 8.917 GC heap before
{Heap before GC invocations=27 (full 0):
 PSYoungGen      total 111616K, used 105056K [0x00000000eb200000, 0x00000000f2580000, 0x0000000100000000)
  eden space 104960K, 100% used [0x00000000eb200000,0x00000000f1880000,0x00000000f1880000)
  from space 6656K, 1% used [0x00000000f1f00000,0x00000000f1f18000,0x00000000f2580000)
  to   space 6656K, 0% used [0x00000000f1880000,0x00000000f1880000,0x00000000f1f00000)
 ParOldGen       total 44032K, used 6339K [0x00000000c1600000, 0x00000000c4100000, 0x00000000eb200000)
  object space 44032K, 14% used [0x00000000c1600000,0x00000000c1c30f78,0x00000000c4100000)
 Metaspace       used 14711K, capacity 15256K, committed 15488K, reserved 1062912K
  class space    used 1930K, capacity 2095K, committed 2176K, reserved 1048576K
Event: 8.920 GC heap after
Heap after GC invocations=27 (full 0):
 PSYoungGen      total 111616K, used 64K [0x00000000eb200000, 0x00000000f3c80000, 0x0000000100000000)
  eden space 104960K, 0% used [0x00000000eb200000,0x00000000eb200000,0x00000000f1880000)
  from space 6656K, 0% used [0x00000000f1880000,0x00000000f1890000,0x00000000f1f00000)
  to   space 2560K, 0% used [0x00000000f3a00000,0x00000000f3a00000,0x00000000f3c80000)
 ParOldGen       total 44032K, used 6363K [0x00000000c1600000, 0x00000000c4100000, 0x00000000eb200000)
  object space 44032K, 14% used [0x00000000c1600000,0x00000000c1c36f78,0x00000000c4100000)
 Metaspace       used 14711K, capacity 15256K, committed 15488K, reserved 1062912K
  class space    used 1930K, capacity 2095K, committed 2176K, reserved 1048576K
}
Event: 8.972 GC heap before
{Heap before GC invocations=28 (full 0):
 PSYoungGen      total 111616K, used 105024K [0x00000000eb200000, 0x00000000f3c80000, 0x0000000100000000)
  eden space 104960K, 100% used [0x00000000eb200000,0x00000000f1880000,0x00000000f1880000)
  from space 6656K, 0% used [0x00000000f1880000,0x00000000f1890000,0x00000000f1f00000)
  to   space 2560K, 0% used [0x00000000f3a00000,0x00000000f3a00000,0x00000000f3c80000)
 ParOldGen       total 44032K, used 6363K [0x00000000c1600000, 0x00000000c4100000, 0x00000000eb200000)
  object space 44032K, 14% used [0x00000000c1600000,0x00000000c1c36f78,0x00000000c4100000)
 Metaspace       used 14711K, capacity 15256K, committed 15488K, reserved 1062912K
  class space    used 1930K, capacity 2095K, committed 2176K, reserved 1048576K
Event: 8.974 GC heap after
Heap after GC invocations=28 (full 0):
 PSYoungGen      total 139264K, used 96K [0x00000000eb200000, 0x00000000f3c80000, 0x0000000100000000)
  eden space 136704K, 0% used [0x00000000eb200000,0x00000000eb200000,0x00000000f3780000)
  from space 2560K, 3% used [0x00000000f3a00000,0x00000000f3a18000,0x00000000f3c80000)
  to   space 2560K, 0% used [0x00000000f3780000,0x00000000f3780000,0x00000000f3a00000)
 ParOldGen       total 44032K, used 6371K [0x00000000c1600000, 0x00000000c4100000, 0x00000000eb200000)
  object space 44032K, 14% used [0x00000000c1600000,0x00000000c1c38f78,0x00000000c4100000)
 Metaspace       used 14711K, capacity 15256K, committed 15488K, reserved 1062912K
  class space    used 1930K, capacity 2095K, committed 2176K, reserved 1048576K
}
Event: 9.047 GC heap before
{Heap before GC invocations=29 (full 0):
 PSYoungGen      total 139264K, used 136800K [0x00000000eb200000, 0x00000000f3c80000, 0x0000000100000000)
  eden space 136704K, 100% used [0x00000000eb200000,0x00000000f3780000,0x00000000f3780000)
  from space 2560K, 3% used [0x00000000f3a00000,0x00000000f3a18000,0x00000000f3c80000)
  to   space 2560K, 0% used [0x00000000f3780000,0x00000000f3780000,0x00000000f3a00000)
 ParOldGen       total 44032K, used 6371K [0x00000000c1600000, 0x00000000c4100000, 0x00000000eb200000)
  object space 44032K, 14% used [0x00000000c1600000,0x00000000c1c38f78,0x00000000c4100000)
 Metaspace       used 14712K, capacity 15256K, committed 15488K, reserved 1062912K
  class space    used 1930K, capacity 2095K, committed 2176K, reserved 1048576K
Event: 9.049 GC heap after
Heap after GC invocations=29 (full 0):
 PSYoungGen      total 139264K, used 96K [0x00000000eb200000, 0x00000000f3c80000, 0x0000000100000000)
  eden space 136704K, 0% used [0x00000000eb200000,0x00000000eb200000,0x00000000f3780000)
  from space 2560K, 3% used [0x00000000f3780000,0x00000000f3798000,0x00000000f3a00000)
  to   space 2560K, 0% used [0x00000000f3a00000,0x00000000f3a00000,0x00000000f3c80000)
 ParOldGen       total 44032K, used 6371K [0x00000000c1600000, 0x00000000c4100000, 0x00000000eb200000)
  object space 44032K, 14% used [0x00000000c1600000,0x00000000c1c38f78,0x00000000c4100000)
 Metaspace       used 14712K, capacity 15256K, committed 15488K, reserved 1062912K
  class space    used 1930K, capacity 2095K, committed 2176K, reserved 1048576K
}
Event: 9.099 GC heap before
{Heap before GC invocations=30 (full 0):
 PSYoungGen      total 139264K, used 136800K [0x00000000eb200000, 0x00000000f3c80000, 0x0000000100000000)
  eden space 136704K, 100% used [0x00000000eb200000,0x00000000f3780000,0x00000000f3780000)
  from space 2560K, 3% used [0x00000000f3780000,0x00000000f3798000,0x00000000f3a00000)
  to   space 2560K, 0% used [0x00000000f3a00000,0x00000000f3a00000,0x00000000f3c80000)
 ParOldGen       total 44032K, used 6371K [0x00000000c1600000, 0x00000000c4100000, 0x00000000eb200000)
  object space 44032K, 14% used [0x00000000c1600000,0x00000000c1c38f78,0x00000000c4100000)
 Metaspace       used 14712K, capacity 15256K, committed 15488K, reserved 1062912K
  class space    used 1930K, capacity 2095K, committed 2176K, reserved 1048576K
Event: 9.101 GC heap after
Heap after GC invocations=30 (full 0):
 PSYoungGen      total 139264K, used 64K [0x00000000eb200000, 0x00000000f3c80000, 0x0000000100000000)
  eden space 136704K, 0% used [0x00000000eb200000,0x00000000eb200000,0x00000000f3780000)
  from space 2560K, 2% used [0x00000000f3a00000,0x00000000f3a10000,0x00000000f3c80000)
  to   space 2560K, 0% used [0x00000000f3780000,0x00000000f3780000,0x00000000f3a00000)
 ParOldGen       total 44032K, used 6387K [0x00000000c1600000, 0x00000000c4100000, 0x00000000eb200000)
  object space 44032K, 14% used [0x00000000c1600000,0x00000000c1c3cf78,0x00000000c4100000)
 Metaspace       used 14712K, capacity 15256K, committed 15488K, reserved 1062912K
  class space    used 1930K, capacity 2095K, committed 2176K, reserved 1048576K
}
Event: 9.175 GC heap before
{Heap before GC invocations=31 (full 0):
 PSYoungGen      total 139264K, used 136768K [0x00000000eb200000, 0x00000000f3c80000, 0x0000000100000000)
  eden space 136704K, 100% used [0x00000000eb200000,0x00000000f3780000,0x00000000f3780000)
  from space 2560K, 2% used [0x00000000f3a00000,0x00000000f3a10000,0x00000000f3c80000)
  to   space 2560K, 0% used [0x00000000f3780000,0x00000000f3780000,0x00000000f3a00000)
 ParOldGen       total 44032K, used 6387K [0x00000000c1600000, 0x00000000c4100000, 0x00000000eb200000)
  object space 44032K, 14% used [0x00000000c1600000,0x00000000c1c3cf78,0x00000000c4100000)
 Metaspace       used 14713K, capacity 15256K, committed 15488K, reserved 1062912K
  class space    used 1930K, capacity 2095K, committed 2176K, reserved 1048576K
Event: 9.177 GC heap after
Heap after GC invocations=31 (full 0):
 PSYoungGen      total 139264K, used 96K [0x00000000eb200000, 0x00000000f3c80000, 0x0000000100000000)
  eden space 136704K, 0% used [0x00000000eb200000,0x00000000eb200000,0x00000000f3780000)
  from space 2560K, 3% used [0x00000000f3780000,0x00000000f3798000,0x00000000f3a00000)
  to   space 2560K, 0% used [0x00000000f3a00000,0x00000000f3a00000,0x00000000f3c80000)
 ParOldGen       total 44032K, used 6387K [0x00000000c1600000, 0x00000000c4100000, 0x00000000eb200000)
  object space 44032K, 14% used [0x00000000c1600000,0x00000000c1c3cf78,0x00000000c4100000)
 Metaspace       used 14713K, capacity 15256K, committed 15488K, reserved 1062912K
  class space    used 1930K, capacity 2095K, committed 2176K, reserved 1048576K
}

